This file contains any messages produced by compilers while
running configure, to aid debugging if configure makes a mistake.

It was created by libenet configure 1.2.2, which was
generated by GNU Autoconf 2.67.  Invocation command line was

  $ ./configure --prefix=/home/daquino/stuff/px/src/mingw/src/enet/../../ --host=i586-mingw32msvc --build=i686-linux CC=i586-mingw32msvc-gcc

## --------- ##
## Platform. ##
## --------- ##

hostname = daquino-desktop
uname -m = i686
uname -r = 2.6.35-22-generic-pae
uname -s = Linux
uname -v = #35-Ubuntu SMP Sat Oct 16 22:16:51 UTC 2010

/usr/bin/uname -p = unknown
/bin/uname -X     = unknown

/bin/arch              = unknown
/usr/bin/arch -k       = unknown
/usr/convex/getsysinfo = unknown
/usr/bin/hostinfo      = unknown
/bin/machine           = unknown
/usr/bin/oslevel       = unknown
/bin/universe          = unknown

PATH: /home/daquino/bin
PATH: /usr/local/sbin
PATH: /usr/local/bin
PATH: /usr/sbin
PATH: /usr/bin
PATH: /sbin
PATH: /bin
PATH: /usr/games


## ----------- ##
## Core tests. ##
## ----------- ##

configure:2366: checking for a BSD-compatible install
configure:2434: result: /usr/bin/install -c
configure:2445: checking whether build environment is sane
configure:2495: result: yes
configure:2544: checking for i586-mingw32msvc-strip
configure:2560: found /usr/bin/i586-mingw32msvc-strip
configure:2571: result: i586-mingw32msvc-strip
configure:2636: checking for a thread-safe mkdir -p
configure:2675: result: /bin/mkdir -p
configure:2688: checking for gawk
configure:2704: found /usr/bin/gawk
configure:2715: result: gawk
configure:2726: checking whether make sets $(MAKE)
configure:2748: result: yes
configure:2839: checking for i586-mingw32msvc-gcc
configure:2866: result: i586-mingw32msvc-gcc
configure:3135: checking for C compiler version
configure:3144: i586-mingw32msvc-gcc --version >&5
i586-mingw32msvc-gcc (GCC) 4.2.1-sjlj (mingw32-2)
Copyright (C) 2007 Free Software Foundation, Inc.
This is free software; see the source for copying conditions.  There is NO
warranty; not even for MERCHANTABILITY or FITNESS FOR A PARTICULAR PURPOSE.

configure:3155: $? = 0
configure:3144: i586-mingw32msvc-gcc -v >&5
Using built-in specs.
Target: i586-mingw32msvc
Configured with: /build/buildd/mingw32-4.2.1.dfsg/build_dir/src/gcc-4.2.1-2-dfsg/configure -v --prefix=/usr --target=i586-mingw32msvc --enable-languages=c,c++ --enable-threads --enable-sjlj-exceptions --disable-multilib --enable-version-specific-runtime-libs
Thread model: win32
gcc version 4.2.1-sjlj (mingw32-2)
configure:3155: $? = 0
configure:3144: i586-mingw32msvc-gcc -V >&5
i586-mingw32msvc-gcc: '-V' option must have argument
configure:3155: $? = 1
configure:3144: i586-mingw32msvc-gcc -qversion >&5
i586-mingw32msvc-gcc: unrecognized option '-qversion'
i586-mingw32msvc-gcc: no input files
configure:3155: $? = 1
configure:3175: checking whether the C compiler works
configure:3197: i586-mingw32msvc-gcc    conftest.c  >&5
configure:3201: $? = 0
configure:3249: result: yes
configure:3252: checking for C compiler default output file name
configure:3254: result: a.exe
configure:3260: checking for suffix of executables
configure:3267: i586-mingw32msvc-gcc -o conftest.exe    conftest.c  >&5
configure:3271: $? = 0
configure:3293: result: .exe
configure:3315: checking whether we are cross compiling
configure:3353: result: yes
configure:3358: checking for suffix of object files
configure:3380: i586-mingw32msvc-gcc -c   conftest.c >&5
configure:3384: $? = 0
configure:3405: result: o
configure:3409: checking whether we are using the GNU C compiler
configure:3428: i586-mingw32msvc-gcc -c   conftest.c >&5
configure:3428: $? = 0
configure:3437: result: yes
configure:3446: checking whether i586-mingw32msvc-gcc accepts -g
configure:3466: i586-mingw32msvc-gcc -c -g  conftest.c >&5
configure:3466: $? = 0
configure:3507: result: yes
configure:3524: checking for i586-mingw32msvc-gcc option to accept ISO C89
configure:3588: i586-mingw32msvc-gcc  -c -g -O2  conftest.c >&5
configure:3588: $? = 0
configure:3601: result: none needed
configure:3632: checking for style of include used by make
configure:3660: result: GNU
configure:3685: checking dependency style of i586-mingw32msvc-gcc
configure:3795: result: gcc3
configure:3839: checking build system type
configure:3853: result: i686-pc-linux-gnu
configure:3873: checking host system type
configure:3886: result: i586-pc-mingw32msvc
configure:3906: checking for a sed that does not truncate output
configure:3970: result: /bin/sed
configure:3988: checking for grep that handles long lines and -e
configure:4046: result: /bin/grep
configure:4051: checking for egrep
configure:4113: result: /bin/grep -E
configure:4118: checking for fgrep
configure:4180: result: /bin/grep -F
configure:4215: checking for ld used by i586-mingw32msvc-gcc
configure:4282: result: /usr/i586-mingw32msvc/bin/ld
configure:4289: checking if the linker (/usr/i586-mingw32msvc/bin/ld) is GNU ld
configure:4304: result: yes
configure:4316: checking for BSD- or MS-compatible name lister (nm)
configure:4365: result: /usr/bin/i586-mingw32msvc-nm -B
configure:4483: checking the name lister (/usr/bin/i586-mingw32msvc-nm -B) interface
configure:4490: i586-mingw32msvc-gcc -c -g -O2  conftest.c >&5
configure:4493: /usr/bin/i586-mingw32msvc-nm -B "conftest.o"
configure:4496: output
00000000 b .bss
00000000 d .data
00000000 N .debug_abbrev
00000000 N .debug_info
00000000 N .debug_line
00000000 N .debug_pubnames
00000000 t .text
00000000 B _some_variable
configure:4503: result: BSD nm
configure:4506: checking whether ln -s works
configure:4510: result: yes
configure:4518: checking the maximum length of command line arguments
configure:4638: result: 1572864
configure:4655: checking whether the shell understands some XSI constructs
configure:4665: result: yes
configure:4669: checking whether the shell understands "+="
configure:4675: result: yes
configure:4710: checking for /usr/i586-mingw32msvc/bin/ld option to reload object files
configure:4717: result: -r
configure:4746: checking for i586-mingw32msvc-objdump
configure:4762: found /usr/bin/i586-mingw32msvc-objdump
configure:4773: result: i586-mingw32msvc-objdump
configure:4845: checking how to recognize dependent libraries
configure:5041: result: file_magic ^x86 archive import|^x86 DLL
configure:5061: checking for i586-mingw32msvc-ar
configure:5077: found /usr/bin/i586-mingw32msvc-ar
configure:5088: result: i586-mingw32msvc-ar
configure:5166: checking for i586-mingw32msvc-strip
configure:5193: result: i586-mingw32msvc-strip
configure:5265: checking for i586-mingw32msvc-ranlib
configure:5281: found /usr/bin/i586-mingw32msvc-ranlib
configure:5292: result: i586-mingw32msvc-ranlib
configure:5422: checking command to parse /usr/bin/i586-mingw32msvc-nm -B output from i586-mingw32msvc-gcc object
configure:5540: i586-mingw32msvc-gcc -c -g -O2  conftest.c >&5
configure:5543: $? = 0
configure:5547: /usr/bin/i586-mingw32msvc-nm -B conftest.o \| sed -n -e 's/^.*[	 ]\([ABCDGIRSTW][ABCDGIRSTW]*\)[	 ][	 ]*\([_A-Za-z][_A-Za-z0-9]*\)$/\1 \2 \2/p' \> conftest.nm
configure:5550: $? = 0
cannot find nm_test_var in conftest.nm
configure:5540: i586-mingw32msvc-gcc -c -g -O2  conftest.c >&5
configure:5543: $? = 0
configure:5547: /usr/bin/i586-mingw32msvc-nm -B conftest.o \| sed -n -e 's/^.*[	 ]\([ABCDGIRSTW][ABCDGIRSTW]*\)[	 ][	 ]*_\([_A-Za-z][_A-Za-z0-9]*\)$/\1 _\2 \2/p' \> conftest.nm
configure:5550: $? = 0
configure:5604: i586-mingw32msvc-gcc -o conftest.exe -g -O2   conftest.c conftstm.o >&5
configure:5607: $? = 0
configure:5645: result: ok
configure:6454: checking how to run the C preprocessor
configure:6485: i586-mingw32msvc-gcc -E  conftest.c
configure:6485: $? = 0
configure:6499: i586-mingw32msvc-gcc -E  conftest.c
conftest.c:11:28: error: ac_nonexistent.h: No such file or directory
configure:6499: $? = 1
configure: failed program was:
| /* confdefs.h */
| #define PACKAGE_NAME "libenet"
| #define PACKAGE_TARNAME "libenet"
| #define PACKAGE_VERSION "1.2.2"
| #define PACKAGE_STRING "libenet 1.2.2"
| #define PACKAGE_BUGREPORT ""
| #define PACKAGE_URL ""
| #define PACKAGE "libenet"
| #define VERSION "1.2.2"
| /* end confdefs.h.  */
| #include <ac_nonexistent.h>
configure:6524: result: i586-mingw32msvc-gcc -E
configure:6544: i586-mingw32msvc-gcc -E  conftest.c
configure:6544: $? = 0
configure:6558: i586-mingw32msvc-gcc -E  conftest.c
conftest.c:11:28: error: ac_nonexistent.h: No such file or directory
configure:6558: $? = 1
configure: failed program was:
| /* confdefs.h */
| #define PACKAGE_NAME "libenet"
| #define PACKAGE_TARNAME "libenet"
| #define PACKAGE_VERSION "1.2.2"
| #define PACKAGE_STRING "libenet 1.2.2"
| #define PACKAGE_BUGREPORT ""
| #define PACKAGE_URL ""
| #define PACKAGE "libenet"
| #define VERSION "1.2.2"
| /* end confdefs.h.  */
| #include <ac_nonexistent.h>
configure:6587: checking for ANSI C header files
configure:6607: i586-mingw32msvc-gcc -c -g -O2  conftest.c >&5
configure:6607: $? = 0
configure:6691: result: yes
configure:6704: checking for sys/types.h
configure:6704: i586-mingw32msvc-gcc -c -g -O2  conftest.c >&5
configure:6704: $? = 0
configure:6704: result: yes
configure:6704: checking for sys/stat.h
configure:6704: i586-mingw32msvc-gcc -c -g -O2  conftest.c >&5
configure:6704: $? = 0
configure:6704: result: yes
configure:6704: checking for stdlib.h
configure:6704: i586-mingw32msvc-gcc -c -g -O2  conftest.c >&5
configure:6704: $? = 0
configure:6704: result: yes
configure:6704: checking for string.h
configure:6704: i586-mingw32msvc-gcc -c -g -O2  conftest.c >&5
configure:6704: $? = 0
configure:6704: result: yes
configure:6704: checking for memory.h
configure:6704: i586-mingw32msvc-gcc -c -g -O2  conftest.c >&5
configure:6704: $? = 0
configure:6704: result: yes
configure:6704: checking for strings.h
configure:6704: i586-mingw32msvc-gcc -c -g -O2  conftest.c >&5
configure:6704: $? = 0
configure:6704: result: yes
configure:6704: checking for inttypes.h
configure:6704: i586-mingw32msvc-gcc -c -g -O2  conftest.c >&5
configure:6704: $? = 0
configure:6704: result: yes
configure:6704: checking for stdint.h
configure:6704: i586-mingw32msvc-gcc -c -g -O2  conftest.c >&5
configure:6704: $? = 0
configure:6704: result: yes
configure:6704: checking for unistd.h
configure:6704: i586-mingw32msvc-gcc -c -g -O2  conftest.c >&5
configure:6704: $? = 0
configure:6704: result: yes
configure:6718: checking for dlfcn.h
configure:6718: i586-mingw32msvc-gcc -c -g -O2  conftest.c >&5
conftest.c:55:19: error: dlfcn.h: No such file or directory
configure:6718: $? = 1
configure: failed program was:
| /* confdefs.h */
| #define PACKAGE_NAME "libenet"
| #define PACKAGE_TARNAME "libenet"
| #define PACKAGE_VERSION "1.2.2"
| #define PACKAGE_STRING "libenet 1.2.2"
| #define PACKAGE_BUGREPORT ""
| #define PACKAGE_URL ""
| #define PACKAGE "libenet"
| #define VERSION "1.2.2"
| #define STDC_HEADERS 1
| #define HAVE_SYS_TYPES_H 1
| #define HAVE_SYS_STAT_H 1
| #define HAVE_STDLIB_H 1
| #define HAVE_STRING_H 1
| #define HAVE_MEMORY_H 1
| #define HAVE_STRINGS_H 1
| #define HAVE_INTTYPES_H 1
| #define HAVE_STDINT_H 1
| #define HAVE_UNISTD_H 1
| /* end confdefs.h.  */
| #include <stdio.h>
| #ifdef HAVE_SYS_TYPES_H
| # include <sys/types.h>
| #endif
| #ifdef HAVE_SYS_STAT_H
| # include <sys/stat.h>
| #endif
| #ifdef STDC_HEADERS
| # include <stdlib.h>
| # include <stddef.h>
| #else
| # ifdef HAVE_STDLIB_H
| #  include <stdlib.h>
| # endif
| #endif
| #ifdef HAVE_STRING_H
| # if !defined STDC_HEADERS && defined HAVE_MEMORY_H
| #  include <memory.h>
| # endif
| # include <string.h>
| #endif
| #ifdef HAVE_STRINGS_H
| # include <strings.h>
| #endif
| #ifdef HAVE_INTTYPES_H
| # include <inttypes.h>
| #endif
| #ifdef HAVE_STDINT_H
| # include <stdint.h>
| #endif
| #ifdef HAVE_UNISTD_H
| # include <unistd.h>
| #endif
| 
| #include <dlfcn.h>
configure:6718: result: no
configure:6902: checking for objdir
configure:6917: result: .libs
configure:7213: checking if i586-mingw32msvc-gcc supports -fno-rtti -fno-exceptions
configure:7231: i586-mingw32msvc-gcc -c -g -O2  -fno-rtti -fno-exceptions conftest.c >&5
cc1: warning: command line option "-fno-rtti" is valid for C++/ObjC++ but not for C
configure:7235: $? = 0
configure:7248: result: no
configure:7268: checking for i586-mingw32msvc-gcc option to produce PIC
configure:7540: result: -DDLL_EXPORT -DPIC
configure:7552: checking if i586-mingw32msvc-gcc PIC flag -DDLL_EXPORT -DPIC works
configure:7570: i586-mingw32msvc-gcc -c -g -O2  -DDLL_EXPORT -DPIC -DPIC conftest.c >&5
configure:7574: $? = 0
configure:7587: result: yes
configure:7611: checking if i586-mingw32msvc-gcc static flag -static works
configure:7639: result: yes
configure:7654: checking if i586-mingw32msvc-gcc supports -c -o file.o
configure:7675: i586-mingw32msvc-gcc -c -g -O2  -o out/conftest2.o conftest.c >&5
configure:7679: $? = 0
configure:7701: result: yes
configure:7709: checking if i586-mingw32msvc-gcc supports -c -o file.o
configure:7756: result: yes
configure:7789: checking whether the i586-mingw32msvc-gcc linker (/usr/i586-mingw32msvc/bin/ld) supports shared libraries
configure:8780: result: yes
configure:8817: checking whether -lc should be explicitly linked in
configure:8822: i586-mingw32msvc-gcc -c -g -O2  conftest.c >&5
configure:8825: $? = 0
configure:8840: i586-mingw32msvc-gcc -shared conftest.o  -v -o ./conftest -Wl,--enable-auto-image-base -Xlinker --out-implib -Xlinker conftest 2\>\&1 \| /bin/grep  -lc  \>/dev/null 2\>\&1
configure:8843: $? = 1
configure:8855: result: yes
configure:9019: checking dynamic linker characteristics
configure:9682: result: Win32 ld.exe
configure:9784: checking how to hardcode library paths into programs
configure:9809: result: immediate
configure:10329: checking whether stripping libraries is possible
configure:10334: result: yes
configure:10369: checking if libtool supports shared libraries
configure:10371: result: yes
configure:10374: checking whether to build shared libraries
configure:10395: result: yes
configure:10398: checking whether to build static libraries
configure:10402: result: yes
configure:10438: checking for gethostbyaddr_r
configure:10438: i586-mingw32msvc-gcc -o conftest.exe -g -O2   conftest.c  >&5
/tmp/ccqEFYx8.o: In function `main':
/home/daquino/stuff/px/src/mingw/src/enet/conftest.c:56: undefined reference to `_gethostbyaddr_r'
collect2: ld returned 1 exit status
configure:10438: $? = 1
configure: failed program was:
| /* confdefs.h */
| #define PACKAGE_NAME "libenet"
| #define PACKAGE_TARNAME "libenet"
| #define PACKAGE_VERSION "1.2.2"
| #define PACKAGE_STRING "libenet 1.2.2"
| #define PACKAGE_BUGREPORT ""
| #define PACKAGE_URL ""
| #define PACKAGE "libenet"
| #define VERSION "1.2.2"
| #define STDC_HEADERS 1
| #define HAVE_SYS_TYPES_H 1
| #define HAVE_SYS_STAT_H 1
| #define HAVE_STDLIB_H 1
| #define HAVE_STRING_H 1
| #define HAVE_MEMORY_H 1
| #define HAVE_STRINGS_H 1
| #define HAVE_INTTYPES_H 1
| #define HAVE_STDINT_H 1
| #define HAVE_UNISTD_H 1
| #define LT_OBJDIR ".libs/"
| /* end confdefs.h.  */
| /* Define gethostbyaddr_r to an innocuous variant, in case <limits.h> declares gethostbyaddr_r.
|    For example, HP-UX 11i <limits.h> declares gettimeofday.  */
| #define gethostbyaddr_r innocuous_gethostbyaddr_r
| 
| /* System header to define __stub macros and hopefully few prototypes,
|     which can conflict with char gethostbyaddr_r (); below.
|     Prefer <limits.h> to <assert.h> if __STDC__ is defined, since
|     <limits.h> exists even on freestanding compilers.  */
| 
| #ifdef __STDC__
| # include <limits.h>
| #else
| # include <assert.h>
| #endif
| 
| #undef gethostbyaddr_r
| 
| /* Override any GCC internal prototype to avoid an error.
|    Use char because int might match the return type of a GCC
|    builtin and then its argument prototype would still apply.  */
| #ifdef __cplusplus
| extern "C"
| #endif
| char gethostbyaddr_r ();
| /* The GNU C library defines this for functions which it implements
|     to always fail with ENOSYS.  Some functions are actually named
|     something starting with __ and the normal name is an alias.  */
| #if defined __stub_gethostbyaddr_r || defined __stub___gethostbyaddr_r
| choke me
| #endif
| 
| int
| main ()
| {
| return gethostbyaddr_r ();
|   ;
|   return 0;
| }
configure:10438: result: no
configure:10444: checking for gethostbyname_r
configure:10444: i586-mingw32msvc-gcc -o conftest.exe -g -O2   conftest.c  >&5
/tmp/ccwgHVMa.o: In function `main':
/home/daquino/stuff/px/src/mingw/src/enet/conftest.c:56: undefined reference to `_gethostbyname_r'
collect2: ld returned 1 exit status
configure:10444: $? = 1
configure: failed program was:
| /* confdefs.h */
| #define PACKAGE_NAME "libenet"
| #define PACKAGE_TARNAME "libenet"
| #define PACKAGE_VERSION "1.2.2"
| #define PACKAGE_STRING "libenet 1.2.2"
| #define PACKAGE_BUGREPORT ""
| #define PACKAGE_URL ""
| #define PACKAGE "libenet"
| #define VERSION "1.2.2"
| #define STDC_HEADERS 1
| #define HAVE_SYS_TYPES_H 1
| #define HAVE_SYS_STAT_H 1
| #define HAVE_STDLIB_H 1
| #define HAVE_STRING_H 1
| #define HAVE_MEMORY_H 1
| #define HAVE_STRINGS_H 1
| #define HAVE_INTTYPES_H 1
| #define HAVE_STDINT_H 1
| #define HAVE_UNISTD_H 1
| #define LT_OBJDIR ".libs/"
| /* end confdefs.h.  */
| /* Define gethostbyname_r to an innocuous variant, in case <limits.h> declares gethostbyname_r.
|    For example, HP-UX 11i <limits.h> declares gettimeofday.  */
| #define gethostbyname_r innocuous_gethostbyname_r
| 
| /* System header to define __stub macros and hopefully few prototypes,
|     which can conflict with char gethostbyname_r (); below.
|     Prefer <limits.h> to <assert.h> if __STDC__ is defined, since
|     <limits.h> exists even on freestanding compilers.  */
| 
| #ifdef __STDC__
| # include <limits.h>
| #else
| # include <assert.h>
| #endif
| 
| #undef gethostbyname_r
| 
| /* Override any GCC internal prototype to avoid an error.
|    Use char because int might match the return type of a GCC
|    builtin and then its argument prototype would still apply.  */
| #ifdef __cplusplus
| extern "C"
| #endif
| char gethostbyname_r ();
| /* The GNU C library defines this for functions which it implements
|     to always fail with ENOSYS.  Some functions are actually named
|     something starting with __ and the normal name is an alias.  */
| #if defined __stub_gethostbyname_r || defined __stub___gethostbyname_r
| choke me
| #endif
| 
| int
| main ()
| {
| return gethostbyname_r ();
|   ;
|   return 0;
| }
configure:10444: result: no
configure:10450: checking for poll
configure:10450: i586-mingw32msvc-gcc -o conftest.exe -g -O2   conftest.c  >&5
/tmp/ccGAUQ8c.o: In function `main':
/home/daquino/stuff/px/src/mingw/src/enet/conftest.c:56: undefined reference to `_poll'
collect2: ld returned 1 exit status
configure:10450: $? = 1
configure: failed program was:
| /* confdefs.h */
| #define PACKAGE_NAME "libenet"
| #define PACKAGE_TARNAME "libenet"
| #define PACKAGE_VERSION "1.2.2"
| #define PACKAGE_STRING "libenet 1.2.2"
| #define PACKAGE_BUGREPORT ""
| #define PACKAGE_URL ""
| #define PACKAGE "libenet"
| #define VERSION "1.2.2"
| #define STDC_HEADERS 1
| #define HAVE_SYS_TYPES_H 1
| #define HAVE_SYS_STAT_H 1
| #define HAVE_STDLIB_H 1
| #define HAVE_STRING_H 1
| #define HAVE_MEMORY_H 1
| #define HAVE_STRINGS_H 1
| #define HAVE_INTTYPES_H 1
| #define HAVE_STDINT_H 1
| #define HAVE_UNISTD_H 1
| #define LT_OBJDIR ".libs/"
| /* end confdefs.h.  */
| /* Define poll to an innocuous variant, in case <limits.h> declares poll.
|    For example, HP-UX 11i <limits.h> declares gettimeofday.  */
| #define poll innocuous_poll
| 
| /* System header to define __stub macros and hopefully few prototypes,
|     which can conflict with char poll (); below.
|     Prefer <limits.h> to <assert.h> if __STDC__ is defined, since
|     <limits.h> exists even on freestanding compilers.  */
| 
| #ifdef __STDC__
| # include <limits.h>
| #else
| # include <assert.h>
| #endif
| 
| #undef poll
| 
| /* Override any GCC internal prototype to avoid an error.
|    Use char because int might match the return type of a GCC
|    builtin and then its argument prototype would still apply.  */
| #ifdef __cplusplus
| extern "C"
| #endif
| char poll ();
| /* The GNU C library defines this for functions which it implements
|     to always fail with ENOSYS.  Some functions are actually named
|     something starting with __ and the normal name is an alias.  */
| #if defined __stub_poll || defined __stub___poll
| choke me
| #endif
| 
| int
| main ()
| {
| return poll ();
|   ;
|   return 0;
| }
configure:10450: result: no
configure:10456: checking for fcntl
configure:10456: i586-mingw32msvc-gcc -o conftest.exe -g -O2   conftest.c  >&5
/tmp/cc0Njt1c.o: In function `main':
/home/daquino/stuff/px/src/mingw/src/enet/conftest.c:56: undefined reference to `_fcntl'
collect2: ld returned 1 exit status
configure:10456: $? = 1
configure: failed program was:
| /* confdefs.h */
| #define PACKAGE_NAME "libenet"
| #define PACKAGE_TARNAME "libenet"
| #define PACKAGE_VERSION "1.2.2"
| #define PACKAGE_STRING "libenet 1.2.2"
| #define PACKAGE_BUGREPORT ""
| #define PACKAGE_URL ""
| #define PACKAGE "libenet"
| #define VERSION "1.2.2"
| #define STDC_HEADERS 1
| #define HAVE_SYS_TYPES_H 1
| #define HAVE_SYS_STAT_H 1
| #define HAVE_STDLIB_H 1
| #define HAVE_STRING_H 1
| #define HAVE_MEMORY_H 1
| #define HAVE_STRINGS_H 1
| #define HAVE_INTTYPES_H 1
| #define HAVE_STDINT_H 1
| #define HAVE_UNISTD_H 1
| #define LT_OBJDIR ".libs/"
| /* end confdefs.h.  */
| /* Define fcntl to an innocuous variant, in case <limits.h> declares fcntl.
|    For example, HP-UX 11i <limits.h> declares gettimeofday.  */
| #define fcntl innocuous_fcntl
| 
| /* System header to define __stub macros and hopefully few prototypes,
|     which can conflict with char fcntl (); below.
|     Prefer <limits.h> to <assert.h> if __STDC__ is defined, since
|     <limits.h> exists even on freestanding compilers.  */
| 
| #ifdef __STDC__
| # include <limits.h>
| #else
| # include <assert.h>
| #endif
| 
| #undef fcntl
| 
| /* Override any GCC internal prototype to avoid an error.
|    Use char because int might match the return type of a GCC
|    builtin and then its argument prototype would still apply.  */
| #ifdef __cplusplus
| extern "C"
| #endif
| char fcntl ();
| /* The GNU C library defines this for functions which it implements
|     to always fail with ENOSYS.  Some functions are actually named
|     something starting with __ and the normal name is an alias.  */
| #if defined __stub_fcntl || defined __stub___fcntl
| choke me
| #endif
| 
| int
| main ()
| {
| return fcntl ();
|   ;
|   return 0;
| }
configure:10456: result: no
configure:10462: checking for inet_pton
configure:10462: i586-mingw32msvc-gcc -o conftest.exe -g -O2   conftest.c  >&5
/tmp/cckA5zOe.o: In function `main':
/home/daquino/stuff/px/src/mingw/src/enet/conftest.c:56: undefined reference to `_inet_pton'
collect2: ld returned 1 exit status
configure:10462: $? = 1
configure: failed program was:
| /* confdefs.h */
| #define PACKAGE_NAME "libenet"
| #define PACKAGE_TARNAME "libenet"
| #define PACKAGE_VERSION "1.2.2"
| #define PACKAGE_STRING "libenet 1.2.2"
| #define PACKAGE_BUGREPORT ""
| #define PACKAGE_URL ""
| #define PACKAGE "libenet"
| #define VERSION "1.2.2"
| #define STDC_HEADERS 1
| #define HAVE_SYS_TYPES_H 1
| #define HAVE_SYS_STAT_H 1
| #define HAVE_STDLIB_H 1
| #define HAVE_STRING_H 1
| #define HAVE_MEMORY_H 1
| #define HAVE_STRINGS_H 1
| #define HAVE_INTTYPES_H 1
| #define HAVE_STDINT_H 1
| #define HAVE_UNISTD_H 1
| #define LT_OBJDIR ".libs/"
| /* end confdefs.h.  */
| /* Define inet_pton to an innocuous variant, in case <limits.h> declares inet_pton.
|    For example, HP-UX 11i <limits.h> declares gettimeofday.  */
| #define inet_pton innocuous_inet_pton
| 
| /* System header to define __stub macros and hopefully few prototypes,
|     which can conflict with char inet_pton (); below.
|     Prefer <limits.h> to <assert.h> if __STDC__ is defined, since
|     <limits.h> exists even on freestanding compilers.  */
| 
| #ifdef __STDC__
| # include <limits.h>
| #else
| # include <assert.h>
| #endif
| 
| #undef inet_pton
| 
| /* Override any GCC internal prototype to avoid an error.
|    Use char because int might match the return type of a GCC
|    builtin and then its argument prototype would still apply.  */
| #ifdef __cplusplus
| extern "C"
| #endif
| char inet_pton ();
| /* The GNU C library defines this for functions which it implements
|     to always fail with ENOSYS.  Some functions are actually named
|     something starting with __ and the normal name is an alias.  */
| #if defined __stub_inet_pton || defined __stub___inet_pton
| choke me
| #endif
| 
| int
| main ()
| {
| return inet_pton ();
|   ;
|   return 0;
| }
configure:10462: result: no
configure:10468: checking for inet_ntop
configure:10468: i586-mingw32msvc-gcc -o conftest.exe -g -O2   conftest.c  >&5
/tmp/cc0ibfch.o: In function `main':
/home/daquino/stuff/px/src/mingw/src/enet/conftest.c:56: undefined reference to `_inet_ntop'
collect2: ld returned 1 exit status
configure:10468: $? = 1
configure: failed program was:
| /* confdefs.h */
| #define PACKAGE_NAME "libenet"
| #define PACKAGE_TARNAME "libenet"
| #define PACKAGE_VERSION "1.2.2"
| #define PACKAGE_STRING "libenet 1.2.2"
| #define PACKAGE_BUGREPORT ""
| #define PACKAGE_URL ""
| #define PACKAGE "libenet"
| #define VERSION "1.2.2"
| #define STDC_HEADERS 1
| #define HAVE_SYS_TYPES_H 1
| #define HAVE_SYS_STAT_H 1
| #define HAVE_STDLIB_H 1
| #define HAVE_STRING_H 1
| #define HAVE_MEMORY_H 1
| #define HAVE_STRINGS_H 1
| #define HAVE_INTTYPES_H 1
| #define HAVE_STDINT_H 1
| #define HAVE_UNISTD_H 1
| #define LT_OBJDIR ".libs/"
| /* end confdefs.h.  */
| /* Define inet_ntop to an innocuous variant, in case <limits.h> declares inet_ntop.
|    For example, HP-UX 11i <limits.h> declares gettimeofday.  */
| #define inet_ntop innocuous_inet_ntop
| 
| /* System header to define __stub macros and hopefully few prototypes,
|     which can conflict with char inet_ntop (); below.
|     Prefer <limits.h> to <assert.h> if __STDC__ is defined, since
|     <limits.h> exists even on freestanding compilers.  */
| 
| #ifdef __STDC__
| # include <limits.h>
| #else
| # include <assert.h>
| #endif
| 
| #undef inet_ntop
| 
| /* Override any GCC internal prototype to avoid an error.
|    Use char because int might match the return type of a GCC
|    builtin and then its argument prototype would still apply.  */
| #ifdef __cplusplus
| extern "C"
| #endif
| char inet_ntop ();
| /* The GNU C library defines this for functions which it implements
|     to always fail with ENOSYS.  Some functions are actually named
|     something starting with __ and the normal name is an alias.  */
| #if defined __stub_inet_ntop || defined __stub___inet_ntop
| choke me
| #endif
| 
| int
| main ()
| {
| return inet_ntop ();
|   ;
|   return 0;
| }
configure:10468: result: no
configure:10475: checking for struct msghdr.msg_flags
configure:10475: i586-mingw32msvc-gcc -c -g -O2  conftest.c >&5
conftest.c:22:24: error: sys/socket.h: No such file or directory
conftest.c: In function 'main':
conftest.c:27: error: storage size of 'ac_aggr' isn't known
configure:10475: $? = 1
configure: failed program was:
| /* confdefs.h */
| #define PACKAGE_NAME "libenet"
| #define PACKAGE_TARNAME "libenet"
| #define PACKAGE_VERSION "1.2.2"
| #define PACKAGE_STRING "libenet 1.2.2"
| #define PACKAGE_BUGREPORT ""
| #define PACKAGE_URL ""
| #define PACKAGE "libenet"
| #define VERSION "1.2.2"
| #define STDC_HEADERS 1
| #define HAVE_SYS_TYPES_H 1
| #define HAVE_SYS_STAT_H 1
| #define HAVE_STDLIB_H 1
| #define HAVE_STRING_H 1
| #define HAVE_MEMORY_H 1
| #define HAVE_STRINGS_H 1
| #define HAVE_INTTYPES_H 1
| #define HAVE_STDINT_H 1
| #define HAVE_UNISTD_H 1
| #define LT_OBJDIR ".libs/"
| /* end confdefs.h.  */
| #include <sys/socket.h>
| 
| int
| main ()
| {
| static struct msghdr ac_aggr;
| if (ac_aggr.msg_flags)
| return 0;
|   ;
|   return 0;
| }
configure:10475: i586-mingw32msvc-gcc -c -g -O2  conftest.c >&5
conftest.c:22:24: error: sys/socket.h: No such file or directory
conftest.c: In function 'main':
conftest.c:27: error: storage size of 'ac_aggr' isn't known
configure:10475: $? = 1
configure: failed program was:
| /* confdefs.h */
| #define PACKAGE_NAME "libenet"
| #define PACKAGE_TARNAME "libenet"
| #define PACKAGE_VERSION "1.2.2"
| #define PACKAGE_STRING "libenet 1.2.2"
| #define PACKAGE_BUGREPORT ""
| #define PACKAGE_URL ""
| #define PACKAGE "libenet"
| #define VERSION "1.2.2"
| #define STDC_HEADERS 1
| #define HAVE_SYS_TYPES_H 1
| #define HAVE_SYS_STAT_H 1
| #define HAVE_STDLIB_H 1
| #define HAVE_STRING_H 1
| #define HAVE_MEMORY_H 1
| #define HAVE_STRINGS_H 1
| #define HAVE_INTTYPES_H 1
| #define HAVE_STDINT_H 1
| #define HAVE_UNISTD_H 1
| #define LT_OBJDIR ".libs/"
| /* end confdefs.h.  */
| #include <sys/socket.h>
| 
| int
| main ()
| {
| static struct msghdr ac_aggr;
| if (sizeof ac_aggr.msg_flags)
| return 0;
|   ;
|   return 0;
| }
configure:10475: result: no
configure:10483: checking for socklen_t
configure:10483: i586-mingw32msvc-gcc -c -g -O2  conftest.c >&5
conftest.c:23:38: error: sys/socket.h: No such file or directory
conftest.c: In function 'main':
conftest.c:29: error: 'socklen_t' undeclared (first use in this function)
conftest.c:29: error: (Each undeclared identifier is reported only once
conftest.c:29: error: for each function it appears in.)
configure:10483: $? = 1
configure: failed program was:
| /* confdefs.h */
| #define PACKAGE_NAME "libenet"
| #define PACKAGE_TARNAME "libenet"
| #define PACKAGE_VERSION "1.2.2"
| #define PACKAGE_STRING "libenet 1.2.2"
| #define PACKAGE_BUGREPORT ""
| #define PACKAGE_URL ""
| #define PACKAGE "libenet"
| #define VERSION "1.2.2"
| #define STDC_HEADERS 1
| #define HAVE_SYS_TYPES_H 1
| #define HAVE_SYS_STAT_H 1
| #define HAVE_STDLIB_H 1
| #define HAVE_STRING_H 1
| #define HAVE_MEMORY_H 1
| #define HAVE_STRINGS_H 1
| #define HAVE_INTTYPES_H 1
| #define HAVE_STDINT_H 1
| #define HAVE_UNISTD_H 1
| #define LT_OBJDIR ".libs/"
| /* end confdefs.h.  */
| #include <sys/types.h>
|               #include <sys/socket.h>
| 
| 
| int
| main ()
| {
| if (sizeof (socklen_t))
| 	 return 0;
|   ;
|   return 0;
| }
configure:10483: result: no
In file included from conftest.c:22:
/usr/include/sys/socket.h:24:22: error: features.h: No such file or directory
/usr/include/sys/socket.h:28:21: error: sys/uio.h: No such file or directory
/usr/include/sys/socket.h:40:25: error: bits/socket.h: No such file or directory
/usr/include/sys/socket.h:70:43: error: missing binary operator before token "("
conftest.c:22:20: error: socket.h: No such file or directory
configure:10675: creating ./config.status

## ---------------------- ##
## Running config.status. ##
## ---------------------- ##

This file was extended by libenet config.status 1.2.2, which was
generated by GNU Autoconf 2.67.  Invocation command line was

  CONFIG_FILES    = 
  CONFIG_HEADERS  = 
  CONFIG_LINKS    = 
  CONFIG_COMMANDS = 
  $ ./config.status 

on daquino-desktop

config.status:1004: creating Makefile
config.status:1004: creating libenet.pc
config.status:1175: executing depfiles commands
config.status:1175: executing libtool commands

## ---------------- ##
## Cache variables. ##
## ---------------- ##

ac_cv_build=i686-pc-linux-gnu
ac_cv_c_compiler_gnu=yes
ac_cv_env_CC_set=set
ac_cv_env_CC_value=i586-mingw32msvc-gcc
ac_cv_env_CFLAGS_set=
ac_cv_env_CFLAGS_value=
ac_cv_env_CPPFLAGS_set=
ac_cv_env_CPPFLAGS_value=
ac_cv_env_CPP_set=
ac_cv_env_CPP_value=
ac_cv_env_LDFLAGS_set=
ac_cv_env_LDFLAGS_value=
ac_cv_env_LIBS_set=
ac_cv_env_LIBS_value=
ac_cv_env_build_alias_set=set
ac_cv_env_build_alias_value=i686-linux
ac_cv_env_host_alias_set=set
ac_cv_env_host_alias_value=i586-mingw32msvc
ac_cv_env_target_alias_set=
ac_cv_env_target_alias_value=
ac_cv_exeext=.exe
ac_cv_func_fcntl=no
ac_cv_func_gethostbyaddr_r=no
ac_cv_func_gethostbyname_r=no
ac_cv_func_inet_ntop=no
ac_cv_func_inet_pton=no
ac_cv_func_poll=no
ac_cv_header_dlfcn_h=no
ac_cv_header_inttypes_h=yes
ac_cv_header_memory_h=yes
ac_cv_header_stdc=yes
ac_cv_header_stdint_h=yes
ac_cv_header_stdlib_h=yes
ac_cv_header_string_h=yes
ac_cv_header_strings_h=yes
ac_cv_header_sys_stat_h=yes
ac_cv_header_sys_types_h=yes
ac_cv_header_unistd_h=yes
ac_cv_host=i586-pc-mingw32msvc
ac_cv_member_struct_msghdr_msg_flags=no
ac_cv_objext=o
ac_cv_path_EGREP='/bin/grep -E'
ac_cv_path_FGREP='/bin/grep -F'
ac_cv_path_GREP=/bin/grep
ac_cv_path_SED=/bin/sed
ac_cv_path_install='/usr/bin/install -c'
ac_cv_path_mkdir=/bin/mkdir
ac_cv_prog_AR=i586-mingw32msvc-ar
ac_cv_prog_AWK=gawk
ac_cv_prog_CC=i586-mingw32msvc-gcc
ac_cv_prog_CPP='i586-mingw32msvc-gcc -E'
ac_cv_prog_OBJDUMP=i586-mingw32msvc-objdump
ac_cv_prog_RANLIB=i586-mingw32msvc-ranlib
ac_cv_prog_STRIP=i586-mingw32msvc-strip
ac_cv_prog_cc_c89=
ac_cv_prog_cc_g=yes
ac_cv_prog_make_make_set=yes
ac_cv_type_socklen_t=no
am_cv_CC_dependencies_compiler_type=gcc3
lt_cv_deplibs_check_method='file_magic ^x86 archive import|^x86 DLL'
lt_cv_file_magic_cmd=func_win32_libid
lt_cv_file_magic_test_file=
lt_cv_ld_reload_flag=-r
lt_cv_nm_interface='BSD nm'
lt_cv_objdir=.libs
lt_cv_path_LD=/usr/i586-mingw32msvc/bin/ld
lt_cv_path_NM='/usr/bin/i586-mingw32msvc-nm -B'
lt_cv_prog_compiler_c_o=yes
lt_cv_prog_compiler_pic_works=yes
lt_cv_prog_compiler_rtti_exceptions=no
lt_cv_prog_compiler_static_works=yes
lt_cv_prog_gnu_ld=yes
lt_cv_sys_global_symbol_pipe='sed -n -e '\''s/^.*[	 ]\([ABCDGIRSTW][ABCDGIRSTW]*\)[	 ][	 ]*_\([_A-Za-z][_A-Za-z0-9]*\)$/\1 _\2 \2/p'\'''
lt_cv_sys_global_symbol_to_c_name_address='sed -n -e '\''s/^: \([^ ]*\) $/  {\"\1\", (void *) 0},/p'\'' -e '\''s/^[ABCDGIRSTW]* \([^ ]*\) \([^ ]*\)$/  {"\2", (void *) \&\2},/p'\'''
lt_cv_sys_global_symbol_to_c_name_address_lib_prefix='sed -n -e '\''s/^: \([^ ]*\) $/  {\"\1\", (void *) 0},/p'\'' -e '\''s/^[ABCDGIRSTW]* \([^ ]*\) \(lib[^ ]*\)$/  {"\2", (void *) \&\2},/p'\'' -e '\''s/^[ABCDGIRSTW]* \([^ ]*\) \([^ ]*\)$/  {"lib\2", (void *) \&\2},/p'\'''
lt_cv_sys_global_symbol_to_cdecl='sed -n -e '\''s/^T .* \(.*\)$/extern int \1();/p'\'' -e '\''s/^[ABCDGIRSTW]* .* \(.*\)$/extern char \1;/p'\'''
lt_cv_sys_max_cmd_len=1572864

## ----------------- ##
## Output variables. ##
## ----------------- ##

ACLOCAL='${SHELL} /home/daquino/stuff/px/src/mingw/src/enet/missing --run aclocal-1.11'
AMDEPBACKSLASH='\'
AMDEP_FALSE='#'
AMDEP_TRUE=''
AMTAR='${SHELL} /home/daquino/stuff/px/src/mingw/src/enet/missing --run tar'
AR='i586-mingw32msvc-ar'
AUTOCONF='${SHELL} /home/daquino/stuff/px/src/mingw/src/enet/missing --run autoconf'
AUTOHEADER='${SHELL} /home/daquino/stuff/px/src/mingw/src/enet/missing --run autoheader'
AUTOMAKE='${SHELL} /home/daquino/stuff/px/src/mingw/src/enet/missing --run automake-1.11'
AWK='gawk'
CC='i586-mingw32msvc-gcc'
CCDEPMODE='depmode=gcc3'
CFLAGS='-g -O2'
CPP='i586-mingw32msvc-gcc -E'
CPPFLAGS=''
CYGPATH_W='echo'
DEFS='-DPACKAGE_NAME=\"libenet\" -DPACKAGE_TARNAME=\"libenet\" -DPACKAGE_VERSION=\"1.2.2\" -DPACKAGE_STRING=\"libenet\ 1.2.2\" -DPACKAGE_BUGREPORT=\"\" -DPACKAGE_URL=\"\" -DPACKAGE=\"libenet\" -DVERSION=\"1.2.2\" -DSTDC_HEADERS=1 -DHAVE_SYS_TYPES_H=1 -DHAVE_SYS_STAT_H=1 -DHAVE_STDLIB_H=1 -DHAVE_STRING_H=1 -DHAVE_MEMORY_H=1 -DHAVE_STRINGS_H=1 -DHAVE_INTTYPES_H=1 -DHAVE_STDINT_H=1 -DHAVE_UNISTD_H=1 -DLT_OBJDIR=\".libs/\"'
DEPDIR='.deps'
DSYMUTIL=''
DUMPBIN=''
ECHO_C=''
ECHO_N='-n'
ECHO_T=''
EGREP='/bin/grep -E'
EXEEXT='.exe'
FGREP='/bin/grep -F'
GREP='/bin/grep'
INSTALL_DATA='${INSTALL} -m 644'
INSTALL_PROGRAM='${INSTALL}'
INSTALL_SCRIPT='${INSTALL}'
INSTALL_STRIP_PROGRAM='$(install_sh) -c -s'
LD='/usr/i586-mingw32msvc/bin/ld'
LDFLAGS=''
LIBOBJS=''
LIBS=''
LIBTOOL='$(SHELL) $(top_builddir)/libtool'
LIPO=''
LN_S='ln -s'
LTLIBOBJS=''
MAKEINFO='${SHELL} /home/daquino/stuff/px/src/mingw/src/enet/missing --run makeinfo'
MKDIR_P='/bin/mkdir -p'
NM='/usr/bin/i586-mingw32msvc-nm -B'
NMEDIT=''
OBJDUMP='i586-mingw32msvc-objdump'
OBJEXT='o'
OTOOL64=''
OTOOL=''
PACKAGE='libenet'
PACKAGE_BUGREPORT=''
PACKAGE_NAME='libenet'
PACKAGE_STRING='libenet 1.2.2'
PACKAGE_TARNAME='libenet'
PACKAGE_URL=''
PACKAGE_VERSION='1.2.2'
PATH_SEPARATOR=':'
RANLIB='i586-mingw32msvc-ranlib'
SED='/bin/sed'
SET_MAKE=''
SHELL='/bin/bash'
STRIP='i586-mingw32msvc-strip'
VERSION='1.2.2'
ac_ct_CC=''
ac_ct_DUMPBIN=''
am__EXEEXT_FALSE='#'
am__EXEEXT_TRUE=''
am__fastdepCC_FALSE='#'
am__fastdepCC_TRUE=''
am__include='include'
am__isrc=''
am__leading_dot='.'
am__quote=''
am__tar='${AMTAR} chof - "$$tardir"'
am__untar='${AMTAR} xf -'
bindir='${exec_prefix}/bin'
build='i686-pc-linux-gnu'
build_alias='i686-linux'
build_cpu='i686'
build_os='linux-gnu'
build_vendor='pc'
datadir='${datarootdir}'
datarootdir='${prefix}/share'
docdir='${datarootdir}/doc/${PACKAGE_TARNAME}'
dvidir='${docdir}'
exec_prefix='${prefix}'
host='i586-pc-mingw32msvc'
host_alias='i586-mingw32msvc'
host_cpu='i586'
host_os='mingw32msvc'
host_vendor='pc'
htmldir='${docdir}'
includedir='${prefix}/include'
infodir='${datarootdir}/info'
install_sh='${SHELL} /home/daquino/stuff/px/src/mingw/src/enet/install-sh'
libdir='${exec_prefix}/lib'
libexecdir='${exec_prefix}/libexec'
localedir='${datarootdir}/locale'
localstatedir='${prefix}/var'
lt_ECHO='echo'
mandir='${datarootdir}/man'
mkdir_p='/bin/mkdir -p'
oldincludedir='/usr/include'
pdfdir='${docdir}'
prefix='/home/daquino/stuff/px/src/mingw/src/enet/../..'
program_transform_name='s,x,x,'
psdir='${docdir}'
sbindir='${exec_prefix}/sbin'
sharedstatedir='${prefix}/com'
sysconfdir='${prefix}/etc'
target_alias=''

## ----------- ##
## confdefs.h. ##
## ----------- ##

/* confdefs.h */
#define PACKAGE_NAME "libenet"
#define PACKAGE_TARNAME "libenet"
#define PACKAGE_VERSION "1.2.2"
#define PACKAGE_STRING "libenet 1.2.2"
#define PACKAGE_BUGREPORT ""
#define PACKAGE_URL ""
#define PACKAGE "libenet"
#define VERSION "1.2.2"
#define STDC_HEADERS 1
#define HAVE_SYS_TYPES_H 1
#define HAVE_SYS_STAT_H 1
#define HAVE_STDLIB_H 1
#define HAVE_STRING_H 1
#define HAVE_MEMORY_H 1
#define HAVE_STRINGS_H 1
#define HAVE_INTTYPES_H 1
#define HAVE_STDINT_H 1
#define HAVE_UNISTD_H 1
#define LT_OBJDIR ".libs/"

configure: exit 0
