This file contains any messages produced by compilers while
running configure, to aid debugging if configure makes a mistake.

It was created by libpng configure 1.4.4, which was
generated by GNU Autoconf 2.67.  Invocation command line was

  $ ./configure --prefix=/home/daquino/stuff/px/src/mingw/src/libpng-1.4.4/../../ --host=i586-mingw32msvc --build=i686-linux CC=i586-mingw32msvc-gcc

## --------- ##
## Platform. ##
## --------- ##

hostname = daquino-desktop
uname -m = i686
uname -r = 2.6.35-22-generic-pae
uname -s = Linux
uname -v = #35-Ubuntu SMP Sat Oct 16 22:16:51 UTC 2010

/usr/bin/uname -p = unknown
/bin/uname -X     = unknown

/bin/arch              = unknown
/usr/bin/arch -k       = unknown
/usr/convex/getsysinfo = unknown
/usr/bin/hostinfo      = unknown
/bin/machine           = unknown
/usr/bin/oslevel       = unknown
/bin/universe          = unknown

PATH: /home/daquino/bin
PATH: /usr/local/sbin
PATH: /usr/local/bin
PATH: /usr/sbin
PATH: /usr/bin
PATH: /sbin
PATH: /bin
PATH: /usr/games


## ----------- ##
## Core tests. ##
## ----------- ##

configure:2427: checking for a BSD-compatible install
configure:2495: result: /usr/bin/install -c
configure:2506: checking whether build environment is sane
configure:2556: result: yes
configure:2605: checking for i586-mingw32msvc-strip
configure:2621: found /usr/bin/i586-mingw32msvc-strip
configure:2632: result: i586-mingw32msvc-strip
configure:2697: checking for a thread-safe mkdir -p
configure:2736: result: /bin/mkdir -p
configure:2749: checking for gawk
configure:2765: found /usr/bin/gawk
configure:2776: result: gawk
configure:2787: checking whether make sets $(MAKE)
configure:2809: result: yes
configure:2890: checking whether to enable maintainer-specific portions of Makefiles
configure:2899: result: no
configure:2927: checking for i586-mingw32msvc-gcc
configure:2954: result: i586-mingw32msvc-gcc
configure:3223: checking for C compiler version
configure:3232: i586-mingw32msvc-gcc --version >&5
i586-mingw32msvc-gcc (GCC) 4.2.1-sjlj (mingw32-2)
Copyright (C) 2007 Free Software Foundation, Inc.
This is free software; see the source for copying conditions.  There is NO
warranty; not even for MERCHANTABILITY or FITNESS FOR A PARTICULAR PURPOSE.

configure:3243: $? = 0
configure:3232: i586-mingw32msvc-gcc -v >&5
Using built-in specs.
Target: i586-mingw32msvc
Configured with: /build/buildd/mingw32-4.2.1.dfsg/build_dir/src/gcc-4.2.1-2-dfsg/configure -v --prefix=/usr --target=i586-mingw32msvc --enable-languages=c,c++ --enable-threads --enable-sjlj-exceptions --disable-multilib --enable-version-specific-runtime-libs
Thread model: win32
gcc version 4.2.1-sjlj (mingw32-2)
configure:3243: $? = 0
configure:3232: i586-mingw32msvc-gcc -V >&5
i586-mingw32msvc-gcc: '-V' option must have argument
configure:3243: $? = 1
configure:3232: i586-mingw32msvc-gcc -qversion >&5
i586-mingw32msvc-gcc: unrecognized option '-qversion'
i586-mingw32msvc-gcc: no input files
configure:3243: $? = 1
configure:3263: checking whether the C compiler works
configure:3285: i586-mingw32msvc-gcc    conftest.c  >&5
configure:3289: $? = 0
configure:3337: result: yes
configure:3340: checking for C compiler default output file name
configure:3342: result: a.exe
configure:3348: checking for suffix of executables
configure:3355: i586-mingw32msvc-gcc -o conftest.exe    conftest.c  >&5
configure:3359: $? = 0
configure:3381: result: .exe
configure:3403: checking whether we are cross compiling
configure:3441: result: yes
configure:3446: checking for suffix of object files
configure:3468: i586-mingw32msvc-gcc -c   conftest.c >&5
configure:3472: $? = 0
configure:3493: result: o
configure:3497: checking whether we are using the GNU C compiler
configure:3516: i586-mingw32msvc-gcc -c   conftest.c >&5
configure:3516: $? = 0
configure:3525: result: yes
configure:3534: checking whether i586-mingw32msvc-gcc accepts -g
configure:3554: i586-mingw32msvc-gcc -c -g  conftest.c >&5
configure:3554: $? = 0
configure:3595: result: yes
configure:3612: checking for i586-mingw32msvc-gcc option to accept ISO C89
configure:3676: i586-mingw32msvc-gcc  -c -g -O2  conftest.c >&5
configure:3676: $? = 0
configure:3689: result: none needed
configure:3720: checking for style of include used by make
configure:3748: result: GNU
configure:3773: checking dependency style of i586-mingw32msvc-gcc
configure:3883: result: gcc3
configure:3902: checking build system type
configure:3916: result: i686-pc-linux-gnu
configure:3936: checking host system type
configure:3949: result: i586-pc-mingw32msvc
configure:3969: checking for a sed that does not truncate output
configure:4033: result: /bin/sed
configure:4051: checking for grep that handles long lines and -e
configure:4109: result: /bin/grep
configure:4114: checking for egrep
configure:4176: result: /bin/grep -E
configure:4181: checking for fgrep
configure:4243: result: /bin/grep -F
configure:4278: checking for ld used by i586-mingw32msvc-gcc
configure:4345: result: /usr/i586-mingw32msvc/bin/ld
configure:4352: checking if the linker (/usr/i586-mingw32msvc/bin/ld) is GNU ld
configure:4367: result: yes
configure:4384: checking how to run the C preprocessor
configure:4415: i586-mingw32msvc-gcc -E  conftest.c
configure:4415: $? = 0
configure:4429: i586-mingw32msvc-gcc -E  conftest.c
conftest.c:11:28: error: ac_nonexistent.h: No such file or directory
configure:4429: $? = 1
configure: failed program was:
| /* confdefs.h */
| #define PACKAGE_NAME "libpng"
| #define PACKAGE_TARNAME "libpng"
| #define PACKAGE_VERSION "1.4.4"
| #define PACKAGE_STRING "libpng 1.4.4"
| #define PACKAGE_BUGREPORT "png-mng-implement@lists.sourceforge.net"
| #define PACKAGE_URL ""
| #define PACKAGE "libpng"
| #define VERSION "1.4.4"
| /* end confdefs.h.  */
| #include <ac_nonexistent.h>
configure:4454: result: i586-mingw32msvc-gcc -E
configure:4474: i586-mingw32msvc-gcc -E  conftest.c
configure:4474: $? = 0
configure:4488: i586-mingw32msvc-gcc -E  conftest.c
conftest.c:11:28: error: ac_nonexistent.h: No such file or directory
configure:4488: $? = 1
configure: failed program was:
| /* confdefs.h */
| #define PACKAGE_NAME "libpng"
| #define PACKAGE_TARNAME "libpng"
| #define PACKAGE_VERSION "1.4.4"
| #define PACKAGE_STRING "libpng 1.4.4"
| #define PACKAGE_BUGREPORT "png-mng-implement@lists.sourceforge.net"
| #define PACKAGE_URL ""
| #define PACKAGE "libpng"
| #define VERSION "1.4.4"
| /* end confdefs.h.  */
| #include <ac_nonexistent.h>
configure:4519: checking for i586-mingw32msvc-sed
configure:4546: result: /bin/sed
configure:4609: checking whether ln -s works
configure:4613: result: yes
configure:4620: checking whether make sets $(MAKE)
configure:4642: result: yes
configure:4676: checking for BSD- or MS-compatible name lister (nm)
configure:4725: result: /usr/bin/i586-mingw32msvc-nm -B
configure:4843: checking the name lister (/usr/bin/i586-mingw32msvc-nm -B) interface
configure:4850: i586-mingw32msvc-gcc -c -g -O2  conftest.c >&5
configure:4853: /usr/bin/i586-mingw32msvc-nm -B "conftest.o"
configure:4856: output
00000000 b .bss
00000000 d .data
00000000 N .debug_abbrev
00000000 N .debug_info
00000000 N .debug_line
00000000 N .debug_pubnames
00000000 t .text
00000000 B _some_variable
configure:4863: result: BSD nm
configure:4867: checking the maximum length of command line arguments
configure:4987: result: 1572864
configure:5004: checking whether the shell understands some XSI constructs
configure:5014: result: yes
configure:5018: checking whether the shell understands "+="
configure:5024: result: yes
configure:5059: checking for /usr/i586-mingw32msvc/bin/ld option to reload object files
configure:5066: result: -r
configure:5095: checking for i586-mingw32msvc-objdump
configure:5111: found /usr/bin/i586-mingw32msvc-objdump
configure:5122: result: i586-mingw32msvc-objdump
configure:5191: checking how to recognize dependent libraries
configure:5387: result: file_magic ^x86 archive import|^x86 DLL
configure:5407: checking for i586-mingw32msvc-ar
configure:5423: found /usr/bin/i586-mingw32msvc-ar
configure:5434: result: i586-mingw32msvc-ar
configure:5512: checking for i586-mingw32msvc-strip
configure:5539: result: i586-mingw32msvc-strip
configure:5611: checking for i586-mingw32msvc-ranlib
configure:5627: found /usr/bin/i586-mingw32msvc-ranlib
configure:5638: result: i586-mingw32msvc-ranlib
configure:5768: checking command to parse /usr/bin/i586-mingw32msvc-nm -B output from i586-mingw32msvc-gcc object
configure:5886: i586-mingw32msvc-gcc -c -g -O2  conftest.c >&5
configure:5889: $? = 0
configure:5893: /usr/bin/i586-mingw32msvc-nm -B conftest.o \| sed -n -e 's/^.*[	 ]\([ABCDGIRSTW][ABCDGIRSTW]*\)[	 ][	 ]*\([_A-Za-z][_A-Za-z0-9]*\)$/\1 \2 \2/p' \> conftest.nm
configure:5896: $? = 0
cannot find nm_test_var in conftest.nm
configure:5886: i586-mingw32msvc-gcc -c -g -O2  conftest.c >&5
configure:5889: $? = 0
configure:5893: /usr/bin/i586-mingw32msvc-nm -B conftest.o \| sed -n -e 's/^.*[	 ]\([ABCDGIRSTW][ABCDGIRSTW]*\)[	 ][	 ]*_\([_A-Za-z][_A-Za-z0-9]*\)$/\1 _\2 \2/p' \> conftest.nm
configure:5896: $? = 0
configure:5950: i586-mingw32msvc-gcc -o conftest.exe -g -O2   conftest.c conftstm.o >&5
configure:5953: $? = 0
configure:5991: result: ok
configure:6796: checking for ANSI C header files
configure:6816: i586-mingw32msvc-gcc -c -g -O2  conftest.c >&5
configure:6816: $? = 0
configure:6900: result: yes
configure:6913: checking for sys/types.h
configure:6913: i586-mingw32msvc-gcc -c -g -O2  conftest.c >&5
configure:6913: $? = 0
configure:6913: result: yes
configure:6913: checking for sys/stat.h
configure:6913: i586-mingw32msvc-gcc -c -g -O2  conftest.c >&5
configure:6913: $? = 0
configure:6913: result: yes
configure:6913: checking for stdlib.h
configure:6913: i586-mingw32msvc-gcc -c -g -O2  conftest.c >&5
configure:6913: $? = 0
configure:6913: result: yes
configure:6913: checking for string.h
configure:6913: i586-mingw32msvc-gcc -c -g -O2  conftest.c >&5
configure:6913: $? = 0
configure:6913: result: yes
configure:6913: checking for memory.h
configure:6913: i586-mingw32msvc-gcc -c -g -O2  conftest.c >&5
configure:6913: $? = 0
configure:6913: result: yes
configure:6913: checking for strings.h
configure:6913: i586-mingw32msvc-gcc -c -g -O2  conftest.c >&5
configure:6913: $? = 0
configure:6913: result: yes
configure:6913: checking for inttypes.h
configure:6913: i586-mingw32msvc-gcc -c -g -O2  conftest.c >&5
configure:6913: $? = 0
configure:6913: result: yes
configure:6913: checking for stdint.h
configure:6913: i586-mingw32msvc-gcc -c -g -O2  conftest.c >&5
configure:6913: $? = 0
configure:6913: result: yes
configure:6913: checking for unistd.h
configure:6913: i586-mingw32msvc-gcc -c -g -O2  conftest.c >&5
configure:6913: $? = 0
configure:6913: result: yes
configure:6927: checking for dlfcn.h
configure:6927: i586-mingw32msvc-gcc -c -g -O2  conftest.c >&5
conftest.c:55:19: error: dlfcn.h: No such file or directory
configure:6927: $? = 1
configure: failed program was:
| /* confdefs.h */
| #define PACKAGE_NAME "libpng"
| #define PACKAGE_TARNAME "libpng"
| #define PACKAGE_VERSION "1.4.4"
| #define PACKAGE_STRING "libpng 1.4.4"
| #define PACKAGE_BUGREPORT "png-mng-implement@lists.sourceforge.net"
| #define PACKAGE_URL ""
| #define PACKAGE "libpng"
| #define VERSION "1.4.4"
| #define STDC_HEADERS 1
| #define HAVE_SYS_TYPES_H 1
| #define HAVE_SYS_STAT_H 1
| #define HAVE_STDLIB_H 1
| #define HAVE_STRING_H 1
| #define HAVE_MEMORY_H 1
| #define HAVE_STRINGS_H 1
| #define HAVE_INTTYPES_H 1
| #define HAVE_STDINT_H 1
| #define HAVE_UNISTD_H 1
| /* end confdefs.h.  */
| #include <stdio.h>
| #ifdef HAVE_SYS_TYPES_H
| # include <sys/types.h>
| #endif
| #ifdef HAVE_SYS_STAT_H
| # include <sys/stat.h>
| #endif
| #ifdef STDC_HEADERS
| # include <stdlib.h>
| # include <stddef.h>
| #else
| # ifdef HAVE_STDLIB_H
| #  include <stdlib.h>
| # endif
| #endif
| #ifdef HAVE_STRING_H
| # if !defined STDC_HEADERS && defined HAVE_MEMORY_H
| #  include <memory.h>
| # endif
| # include <string.h>
| #endif
| #ifdef HAVE_STRINGS_H
| # include <strings.h>
| #endif
| #ifdef HAVE_INTTYPES_H
| # include <inttypes.h>
| #endif
| #ifdef HAVE_STDINT_H
| # include <stdint.h>
| #endif
| #ifdef HAVE_UNISTD_H
| # include <unistd.h>
| #endif
| 
| #include <dlfcn.h>
configure:6927: result: no
configure:6948: checking for i586-mingw32msvc-as
configure:6964: found /usr/bin/i586-mingw32msvc-as
configure:6975: result: i586-mingw32msvc-as
configure:7040: checking for i586-mingw32msvc-dlltool
configure:7056: found /usr/bin/i586-mingw32msvc-dlltool
configure:7067: result: i586-mingw32msvc-dlltool
configure:7132: checking for i586-mingw32msvc-objdump
configure:7159: result: i586-mingw32msvc-objdump
configure:7409: checking for objdir
configure:7424: result: .libs
configure:7716: checking if i586-mingw32msvc-gcc supports -fno-rtti -fno-exceptions
configure:7734: i586-mingw32msvc-gcc -c -g -O2  -fno-rtti -fno-exceptions conftest.c >&5
cc1: warning: command line option "-fno-rtti" is valid for C++/ObjC++ but not for C
configure:7738: $? = 0
configure:7751: result: no
configure:7771: checking for i586-mingw32msvc-gcc option to produce PIC
configure:8043: result: -DDLL_EXPORT -DPIC
configure:8055: checking if i586-mingw32msvc-gcc PIC flag -DDLL_EXPORT -DPIC works
configure:8073: i586-mingw32msvc-gcc -c -g -O2  -DDLL_EXPORT -DPIC -DPIC conftest.c >&5
configure:8077: $? = 0
configure:8090: result: yes
configure:8114: checking if i586-mingw32msvc-gcc static flag -static works
configure:8142: result: yes
configure:8157: checking if i586-mingw32msvc-gcc supports -c -o file.o
configure:8178: i586-mingw32msvc-gcc -c -g -O2  -o out/conftest2.o conftest.c >&5
configure:8182: $? = 0
configure:8204: result: yes
configure:8212: checking if i586-mingw32msvc-gcc supports -c -o file.o
configure:8259: result: yes
configure:8292: checking whether the i586-mingw32msvc-gcc linker (/usr/i586-mingw32msvc/bin/ld) supports shared libraries
configure:9283: result: yes
configure:9320: checking whether -lc should be explicitly linked in
configure:9325: i586-mingw32msvc-gcc -c -g -O2  conftest.c >&5
configure:9328: $? = 0
configure:9343: i586-mingw32msvc-gcc -shared conftest.o  -v -o ./conftest -Wl,--enable-auto-image-base -Xlinker --out-implib -Xlinker conftest 2\>\&1 \| /bin/grep  -lc  \>/dev/null 2\>\&1
configure:9346: $? = 1
configure:9358: result: yes
configure:9522: checking dynamic linker characteristics
configure:10185: result: Win32 ld.exe
configure:10287: checking how to hardcode library paths into programs
configure:10312: result: immediate
configure:10832: checking whether stripping libraries is possible
configure:10837: result: yes
configure:10872: checking if libtool supports shared libraries
configure:10874: result: yes
configure:10877: checking whether to build shared libraries
configure:10898: result: yes
configure:10901: checking whether to build static libraries
configure:10905: result: yes
configure:10942: checking for ANSI C header files
configure:11046: result: yes
configure:11057: checking malloc.h usability
configure:11057: i586-mingw32msvc-gcc -c -g -O2  conftest.c >&5
configure:11057: $? = 0
configure:11057: result: yes
configure:11057: checking malloc.h presence
configure:11057: i586-mingw32msvc-gcc -E  conftest.c
configure:11057: $? = 0
configure:11057: result: yes
configure:11057: checking for malloc.h
configure:11057: result: yes
configure:11057: checking for stdlib.h
configure:11057: result: yes
configure:11057: checking for string.h
configure:11057: result: yes
configure:11057: checking for strings.h
configure:11057: result: yes
configure:11069: checking for an ANSI C-conforming const
configure:11134: i586-mingw32msvc-gcc -c -g -O2  conftest.c >&5
configure:11134: $? = 0
configure:11141: result: yes
configure:11149: checking for size_t
configure:11149: i586-mingw32msvc-gcc -c -g -O2  conftest.c >&5
configure:11149: $? = 0
configure:11149: i586-mingw32msvc-gcc -c -g -O2  conftest.c >&5
conftest.c: In function 'main':
conftest.c:63: error: expected expression before ')' token
configure:11149: $? = 1
configure: failed program was:
| /* confdefs.h */
| #define PACKAGE_NAME "libpng"
| #define PACKAGE_TARNAME "libpng"
| #define PACKAGE_VERSION "1.4.4"
| #define PACKAGE_STRING "libpng 1.4.4"
| #define PACKAGE_BUGREPORT "png-mng-implement@lists.sourceforge.net"
| #define PACKAGE_URL ""
| #define PACKAGE "libpng"
| #define VERSION "1.4.4"
| #define STDC_HEADERS 1
| #define HAVE_SYS_TYPES_H 1
| #define HAVE_SYS_STAT_H 1
| #define HAVE_STDLIB_H 1
| #define HAVE_STRING_H 1
| #define HAVE_MEMORY_H 1
| #define HAVE_STRINGS_H 1
| #define HAVE_INTTYPES_H 1
| #define HAVE_STDINT_H 1
| #define HAVE_UNISTD_H 1
| #define LT_OBJDIR ".libs/"
| #define STDC_HEADERS 1
| #define HAVE_MALLOC_H 1
| #define HAVE_STDLIB_H 1
| #define HAVE_STRING_H 1
| #define HAVE_STRINGS_H 1
| /* end confdefs.h.  */
| #include <stdio.h>
| #ifdef HAVE_SYS_TYPES_H
| # include <sys/types.h>
| #endif
| #ifdef HAVE_SYS_STAT_H
| # include <sys/stat.h>
| #endif
| #ifdef STDC_HEADERS
| # include <stdlib.h>
| # include <stddef.h>
| #else
| # ifdef HAVE_STDLIB_H
| #  include <stdlib.h>
| # endif
| #endif
| #ifdef HAVE_STRING_H
| # if !defined STDC_HEADERS && defined HAVE_MEMORY_H
| #  include <memory.h>
| # endif
| # include <string.h>
| #endif
| #ifdef HAVE_STRINGS_H
| # include <strings.h>
| #endif
| #ifdef HAVE_INTTYPES_H
| # include <inttypes.h>
| #endif
| #ifdef HAVE_STDINT_H
| # include <stdint.h>
| #endif
| #ifdef HAVE_UNISTD_H
| # include <unistd.h>
| #endif
| int
| main ()
| {
| if (sizeof ((size_t)))
| 	    return 0;
|   ;
|   return 0;
| }
configure:11149: result: yes
configure:11160: checking whether struct tm is in sys/time.h or time.h
configure:11180: i586-mingw32msvc-gcc -c -g -O2  conftest.c >&5
configure:11180: $? = 0
configure:11187: result: time.h
configure:11197: checking for working strtod
configure:11248: result: no
configure:11257: checking for pow
configure:11257: i586-mingw32msvc-gcc -o conftest.exe -g -O2   conftest.c  >&5
conftest.c:50: warning: conflicting types for built-in function 'pow'
configure:11257: $? = 0
configure:11257: result: yes
configure:11312: checking for memset
configure:11312: i586-mingw32msvc-gcc -o conftest.exe -g -O2   conftest.c  >&5
conftest.c:50: warning: conflicting types for built-in function 'memset'
configure:11312: $? = 0
configure:11312: result: yes
configure:11325: checking for pow
configure:11325: result: yes
configure:11382: checking for zlibVersion in -lz
configure:11407: i586-mingw32msvc-gcc -o conftest.exe -g -O2   conftest.c -lz   >&5
/usr/lib/gcc/i586-mingw32msvc/4.2.1-sjlj/../../../../i586-mingw32msvc/bin/ld: cannot find -lz
collect2: ld returned 1 exit status
configure:11407: $? = 1
configure: failed program was:
| /* confdefs.h */
| #define PACKAGE_NAME "libpng"
| #define PACKAGE_TARNAME "libpng"
| #define PACKAGE_VERSION "1.4.4"
| #define PACKAGE_STRING "libpng 1.4.4"
| #define PACKAGE_BUGREPORT "png-mng-implement@lists.sourceforge.net"
| #define PACKAGE_URL ""
| #define PACKAGE "libpng"
| #define VERSION "1.4.4"
| #define STDC_HEADERS 1
| #define HAVE_SYS_TYPES_H 1
| #define HAVE_SYS_STAT_H 1
| #define HAVE_STDLIB_H 1
| #define HAVE_STRING_H 1
| #define HAVE_MEMORY_H 1
| #define HAVE_STRINGS_H 1
| #define HAVE_INTTYPES_H 1
| #define HAVE_STDINT_H 1
| #define HAVE_UNISTD_H 1
| #define LT_OBJDIR ".libs/"
| #define STDC_HEADERS 1
| #define HAVE_MALLOC_H 1
| #define HAVE_STDLIB_H 1
| #define HAVE_STRING_H 1
| #define HAVE_STRINGS_H 1
| #define HAVE_MEMSET 1
| #define HAVE_POW 1
| /* end confdefs.h.  */
| 
| /* Override any GCC internal prototype to avoid an error.
|    Use char because int might match the return type of a GCC
|    builtin and then its argument prototype would still apply.  */
| #ifdef __cplusplus
| extern "C"
| #endif
| char zlibVersion ();
| int
| main ()
| {
| return zlibVersion ();
|   ;
|   return 0;
| }
configure:11416: result: no
configure:11426: error: zlib not installed

## ---------------- ##
## Cache variables. ##
## ---------------- ##

ac_cv_build=i686-pc-linux-gnu
ac_cv_c_compiler_gnu=yes
ac_cv_c_const=yes
ac_cv_env_CC_set=set
ac_cv_env_CC_value=i586-mingw32msvc-gcc
ac_cv_env_CFLAGS_set=
ac_cv_env_CFLAGS_value=
ac_cv_env_CPPFLAGS_set=
ac_cv_env_CPPFLAGS_value=
ac_cv_env_CPP_set=
ac_cv_env_CPP_value=
ac_cv_env_LDFLAGS_set=
ac_cv_env_LDFLAGS_value=
ac_cv_env_LIBS_set=
ac_cv_env_LIBS_value=
ac_cv_env_build_alias_set=set
ac_cv_env_build_alias_value=i686-linux
ac_cv_env_host_alias_set=set
ac_cv_env_host_alias_value=i586-mingw32msvc
ac_cv_env_target_alias_set=
ac_cv_env_target_alias_value=
ac_cv_exeext=.exe
ac_cv_func_memset=yes
ac_cv_func_pow=yes
ac_cv_func_strtod=no
ac_cv_header_dlfcn_h=no
ac_cv_header_inttypes_h=yes
ac_cv_header_malloc_h=yes
ac_cv_header_memory_h=yes
ac_cv_header_stdc=yes
ac_cv_header_stdint_h=yes
ac_cv_header_stdlib_h=yes
ac_cv_header_string_h=yes
ac_cv_header_strings_h=yes
ac_cv_header_sys_stat_h=yes
ac_cv_header_sys_types_h=yes
ac_cv_header_unistd_h=yes
ac_cv_host=i586-pc-mingw32msvc
ac_cv_lib_z_zlibVersion=no
ac_cv_objext=o
ac_cv_path_EGREP='/bin/grep -E'
ac_cv_path_FGREP='/bin/grep -F'
ac_cv_path_GREP=/bin/grep
ac_cv_path_SED=/bin/sed
ac_cv_path_install='/usr/bin/install -c'
ac_cv_path_mkdir=/bin/mkdir
ac_cv_prog_AR=i586-mingw32msvc-ar
ac_cv_prog_AS=i586-mingw32msvc-as
ac_cv_prog_AWK=gawk
ac_cv_prog_CC=i586-mingw32msvc-gcc
ac_cv_prog_CPP='i586-mingw32msvc-gcc -E'
ac_cv_prog_DLLTOOL=i586-mingw32msvc-dlltool
ac_cv_prog_OBJDUMP=i586-mingw32msvc-objdump
ac_cv_prog_RANLIB=i586-mingw32msvc-ranlib
ac_cv_prog_SED=/bin/sed
ac_cv_prog_STRIP=i586-mingw32msvc-strip
ac_cv_prog_cc_c89=
ac_cv_prog_cc_g=yes
ac_cv_prog_make_make_set=yes
ac_cv_struct_tm=time.h
ac_cv_type_size_t=yes
am_cv_CC_dependencies_compiler_type=gcc3
lt_cv_deplibs_check_method='file_magic ^x86 archive import|^x86 DLL'
lt_cv_file_magic_cmd=func_win32_libid
lt_cv_file_magic_test_file=
lt_cv_ld_reload_flag=-r
lt_cv_nm_interface='BSD nm'
lt_cv_objdir=.libs
lt_cv_path_LD=/usr/i586-mingw32msvc/bin/ld
lt_cv_path_NM='/usr/bin/i586-mingw32msvc-nm -B'
lt_cv_prog_compiler_c_o=yes
lt_cv_prog_compiler_pic_works=yes
lt_cv_prog_compiler_rtti_exceptions=no
lt_cv_prog_compiler_static_works=yes
lt_cv_prog_gnu_ld=yes
lt_cv_sys_global_symbol_pipe='sed -n -e '\''s/^.*[	 ]\([ABCDGIRSTW][ABCDGIRSTW]*\)[	 ][	 ]*_\([_A-Za-z][_A-Za-z0-9]*\)$/\1 _\2 \2/p'\'''
lt_cv_sys_global_symbol_to_c_name_address='sed -n -e '\''s/^: \([^ ]*\) $/  {\"\1\", (void *) 0},/p'\'' -e '\''s/^[ABCDGIRSTW]* \([^ ]*\) \([^ ]*\)$/  {"\2", (void *) \&\2},/p'\'''
lt_cv_sys_global_symbol_to_c_name_address_lib_prefix='sed -n -e '\''s/^: \([^ ]*\) $/  {\"\1\", (void *) 0},/p'\'' -e '\''s/^[ABCDGIRSTW]* \([^ ]*\) \(lib[^ ]*\)$/  {"\2", (void *) \&\2},/p'\'' -e '\''s/^[ABCDGIRSTW]* \([^ ]*\) \([^ ]*\)$/  {"lib\2", (void *) \&\2},/p'\'''
lt_cv_sys_global_symbol_to_cdecl='sed -n -e '\''s/^T .* \(.*\)$/extern int \1();/p'\'' -e '\''s/^[ABCDGIRSTW]* .* \(.*\)$/extern char \1;/p'\'''
lt_cv_sys_max_cmd_len=1572864

## ----------------- ##
## Output variables. ##
## ----------------- ##

ACLOCAL='${SHELL} /home/daquino/stuff/px/src/mingw/src/libpng-1.4.4/missing --run aclocal-1.11'
AMDEPBACKSLASH='\'
AMDEP_FALSE='#'
AMDEP_TRUE=''
AMTAR='${SHELL} /home/daquino/stuff/px/src/mingw/src/libpng-1.4.4/missing --run tar'
AR='i586-mingw32msvc-ar'
AS='i586-mingw32msvc-as'
AUTOCONF='${SHELL} /home/daquino/stuff/px/src/mingw/src/libpng-1.4.4/missing --run autoconf'
AUTOHEADER='${SHELL} /home/daquino/stuff/px/src/mingw/src/libpng-1.4.4/missing --run autoheader'
AUTOMAKE='${SHELL} /home/daquino/stuff/px/src/mingw/src/libpng-1.4.4/missing --run automake-1.11'
AWK='gawk'
CC='i586-mingw32msvc-gcc'
CCDEPMODE='depmode=gcc3'
CFLAGS='-g -O2'
CPP='i586-mingw32msvc-gcc -E'
CPPFLAGS=''
CYGPATH_W='echo'
DEFS=''
DEPDIR='.deps'
DLLTOOL='i586-mingw32msvc-dlltool'
DSYMUTIL=''
DUMPBIN=''
ECHO_C=''
ECHO_N='-n'
ECHO_T=''
EGREP='/bin/grep -E'
EXEEXT='.exe'
FGREP='/bin/grep -F'
GREP='/bin/grep'
HAVE_LD_VERSION_SCRIPT_FALSE=''
HAVE_LD_VERSION_SCRIPT_TRUE=''
INSTALL_DATA='${INSTALL} -m 644'
INSTALL_PROGRAM='${INSTALL}'
INSTALL_SCRIPT='${INSTALL}'
INSTALL_STRIP_PROGRAM='$(install_sh) -c -s'
LD='/usr/i586-mingw32msvc/bin/ld'
LDFLAGS=''
LIBOBJS=' strtod.o'
LIBPNG_DEFINES=''
LIBS=''
LIBTOOL='$(SHELL) $(top_builddir)/libtool'
LIPO=''
LN_S='ln -s'
LTLIBOBJS=''
MAINT='#'
MAINTAINER_MODE_FALSE=''
MAINTAINER_MODE_TRUE='#'
MAKEINFO='${SHELL} /home/daquino/stuff/px/src/mingw/src/libpng-1.4.4/missing --run makeinfo'
MKDIR_P='/bin/mkdir -p'
NM='/usr/bin/i586-mingw32msvc-nm -B'
NMEDIT=''
OBJDUMP='i586-mingw32msvc-objdump'
OBJEXT='o'
OTOOL64=''
OTOOL=''
PACKAGE='libpng'
PACKAGE_BUGREPORT='png-mng-implement@lists.sourceforge.net'
PACKAGE_NAME='libpng'
PACKAGE_STRING='libpng 1.4.4'
PACKAGE_TARNAME='libpng'
PACKAGE_URL=''
PACKAGE_VERSION='1.4.4'
PATH_SEPARATOR=':'
PNGLIB_MAJOR=''
PNGLIB_MINOR=''
PNGLIB_RELEASE=''
PNGLIB_VERSION=''
POW_LIB=''
RANLIB='i586-mingw32msvc-ranlib'
SED='/bin/sed'
SET_MAKE=''
SHELL='/bin/bash'
STRIP='i586-mingw32msvc-strip'
SYMBOL_PREFIX=''
VERSION='1.4.4'
ac_ct_CC=''
ac_ct_DUMPBIN=''
am__EXEEXT_FALSE=''
am__EXEEXT_TRUE=''
am__fastdepCC_FALSE='#'
am__fastdepCC_TRUE=''
am__include='include'
am__isrc=''
am__leading_dot='.'
am__quote=''
am__tar='${AMTAR} chof - "$$tardir"'
am__untar='${AMTAR} xf -'
binconfigs=''
bindir='${exec_prefix}/bin'
build='i686-pc-linux-gnu'
build_alias='i686-linux'
build_cpu='i686'
build_os='linux-gnu'
build_vendor='pc'
datadir='${datarootdir}'
datarootdir='${prefix}/share'
docdir='${datarootdir}/doc/${PACKAGE_TARNAME}'
dvidir='${docdir}'
exec_prefix='NONE'
host='i586-pc-mingw32msvc'
host_alias='i586-mingw32msvc'
host_cpu='i586'
host_os='mingw32msvc'
host_vendor='pc'
htmldir='${docdir}'
includedir='${prefix}/include'
infodir='${datarootdir}/info'
install_sh='${SHELL} /home/daquino/stuff/px/src/mingw/src/libpng-1.4.4/install-sh'
libdir='${exec_prefix}/lib'
libexecdir='${exec_prefix}/libexec'
localedir='${datarootdir}/locale'
localstatedir='${prefix}/var'
lt_ECHO='echo'
mandir='${datarootdir}/man'
mkdir_p='/bin/mkdir -p'
oldincludedir='/usr/include'
pdfdir='${docdir}'
pkgconfigdir=''
prefix='/home/daquino/stuff/px/src/mingw/src/libpng-1.4.4/../..'
program_transform_name='s,x,x,'
psdir='${docdir}'
sbindir='${exec_prefix}/sbin'
sharedstatedir='${prefix}/com'
sysconfdir='${prefix}/etc'
target_alias=''

## ----------- ##
## confdefs.h. ##
## ----------- ##

/* confdefs.h */
#define PACKAGE_NAME "libpng"
#define PACKAGE_TARNAME "libpng"
#define PACKAGE_VERSION "1.4.4"
#define PACKAGE_STRING "libpng 1.4.4"
#define PACKAGE_BUGREPORT "png-mng-implement@lists.sourceforge.net"
#define PACKAGE_URL ""
#define PACKAGE "libpng"
#define VERSION "1.4.4"
#define STDC_HEADERS 1
#define HAVE_SYS_TYPES_H 1
#define HAVE_SYS_STAT_H 1
#define HAVE_STDLIB_H 1
#define HAVE_STRING_H 1
#define HAVE_MEMORY_H 1
#define HAVE_STRINGS_H 1
#define HAVE_INTTYPES_H 1
#define HAVE_STDINT_H 1
#define HAVE_UNISTD_H 1
#define LT_OBJDIR ".libs/"
#define STDC_HEADERS 1
#define HAVE_MALLOC_H 1
#define HAVE_STDLIB_H 1
#define HAVE_STRING_H 1
#define HAVE_STRINGS_H 1
#define HAVE_MEMSET 1
#define HAVE_POW 1

configure: exit 1
